cl : command line  warning D9025: overriding '/MTd' with '/MDd'
  Application.cpp
E:\dev\FireboxEngine\FireboxEngine\Source\Engine\Layers\Layer.h(12,15): warning C4251: 'Firebox::Layer::m_DebugName': 'std::basic_string<char,std::char_traits<char>,std::allocator<char>>' needs to have dll-interface to be used by clients of 'Firebox::Layer'
  (compiling source file 'Source/Engine/Core/Application.cpp')
      D:\VS 2022\VC\Tools\MSVC\14.44.35207\include\xstring(541,7):
      see declaration of 'std::basic_string<char,std::char_traits<char>,std::allocator<char>>'
  
E:\dev\FireboxEngine\FireboxEngine\Source\Engine\Layers\LayerStack.h(12,23): warning C4251: 'Firebox::LayerStack::m_Layers': 'std::vector<Firebox::Layer *,std::allocator<Firebox::Layer *>>' needs to have dll-interface to be used by clients of 'Firebox::LayerStack'
  (compiling source file 'Source/Engine/Core/Application.cpp')
      D:\VS 2022\VC\Tools\MSVC\14.44.35207\include\vector(442,7):
      see declaration of 'std::vector<Firebox::Layer *,std::allocator<Firebox::Layer *>>'
  
E:\dev\FireboxEngine\FireboxEngine\Source\Engine\Layers\LayerStack.h(13,33): warning C4251: 'Firebox::LayerStack::m_LayerInsert': 'std::_Vector_iterator<std::_Vector_val<std::_Simple_types<_Ty>>>' needs to have dll-interface to be used by clients of 'Firebox::LayerStack'
E:\dev\FireboxEngine\FireboxEngine\Source\Engine\Layers\LayerStack.h(13,33): warning C4251:         with
E:\dev\FireboxEngine\FireboxEngine\Source\Engine\Layers\LayerStack.h(13,33): warning C4251:         [
E:\dev\FireboxEngine\FireboxEngine\Source\Engine\Layers\LayerStack.h(13,33): warning C4251:             _Ty=Firebox::Layer *
E:\dev\FireboxEngine\FireboxEngine\Source\Engine\Layers\LayerStack.h(13,33): warning C4251:         ]
  (compiling source file 'Source/Engine/Core/Application.cpp')
      D:\VS 2022\VC\Tools\MSVC\14.44.35207\include\vector(255,7):
      see declaration of 'std::_Vector_iterator<std::_Vector_val<std::_Simple_types<_Ty>>>'
          with
          [
              _Ty=Firebox::Layer *
          ]
  
E:\dev\FireboxEngine\FireboxEngine\Source\Engine\Platform\Window.h(15,19): warning C4251: 'Firebox::Window::m_EventCallback': 'std::function<void (SDL_Event &)>' needs to have dll-interface to be used by clients of 'Firebox::Window'
  (compiling source file 'Source/Engine/Core/Application.cpp')
      D:\VS 2022\VC\Tools\MSVC\14.44.35207\include\functional(1089,7):
      see declaration of 'std::function<void (SDL_Event &)>'
  
E:\dev\FireboxEngine\FireboxEngine\Source\Engine\Core\Application.h(17,27): warning C4251: 'Firebox::Application::m_Window': 'std::unique_ptr<Firebox::Window,std::default_delete<Firebox::Window>>' needs to have dll-interface to be used by clients of 'Firebox::Application'
  (compiling source file 'Source/Engine/Core/Application.cpp')
      D:\VS 2022\VC\Tools\MSVC\14.44.35207\include\memory(3347,7):
      see declaration of 'std::unique_ptr<Firebox::Window,std::default_delete<Firebox::Window>>'
  
  Log.cpp
E:\dev\FireboxEngine\FireboxEngine\Source\Engine\Core\Log.h(37,42): warning C4251: 'Firebox::Log::s_CoreLogger': 'std::shared_ptr<spdlog::logger>' needs to have dll-interface to be used by clients of 'Firebox::Log'
  (compiling source file 'Source/Engine/Core/Log.cpp')
      D:\VS 2022\VC\Tools\MSVC\14.44.35207\include\memory(1565,7):
      see declaration of 'std::shared_ptr<spdlog::logger>'
  
E:\dev\FireboxEngine\FireboxEngine\Source\Engine\Core\Log.h(38,42): warning C4251: 'Firebox::Log::s_ClientLogger': 'std::shared_ptr<spdlog::logger>' needs to have dll-interface to be used by clients of 'Firebox::Log'
  (compiling source file 'Source/Engine/Core/Log.cpp')
      D:\VS 2022\VC\Tools\MSVC\14.44.35207\include\memory(1565,7):
      see declaration of 'std::shared_ptr<spdlog::logger>'
  
  ImGuiLayer.cpp
E:\dev\FireboxEngine\FireboxEngine\Source\Engine\Layers\Layer.h(12,15): warning C4251: 'Firebox::Layer::m_DebugName': 'std::basic_string<char,std::char_traits<char>,std::allocator<char>>' needs to have dll-interface to be used by clients of 'Firebox::Layer'
  (compiling source file 'Source/Engine/Layers/ImGuiLayer.cpp')
      D:\VS 2022\VC\Tools\MSVC\14.44.35207\include\xstring(541,7):
      see declaration of 'std::basic_string<char,std::char_traits<char>,std::allocator<char>>'
  
E:\dev\FireboxEngine\FireboxEngine\Source\Engine\Layers\LayerStack.h(12,23): warning C4251: 'Firebox::LayerStack::m_Layers': 'std::vector<Firebox::Layer *,std::allocator<Firebox::Layer *>>' needs to have dll-interface to be used by clients of 'Firebox::LayerStack'
  (compiling source file 'Source/Engine/Layers/ImGuiLayer.cpp')
      D:\VS 2022\VC\Tools\MSVC\14.44.35207\include\vector(442,7):
      see declaration of 'std::vector<Firebox::Layer *,std::allocator<Firebox::Layer *>>'
  
E:\dev\FireboxEngine\FireboxEngine\Source\Engine\Layers\LayerStack.h(13,33): warning C4251: 'Firebox::LayerStack::m_LayerInsert': 'std::_Vector_iterator<std::_Vector_val<std::_Simple_types<_Ty>>>' needs to have dll-interface to be used by clients of 'Firebox::LayerStack'
E:\dev\FireboxEngine\FireboxEngine\Source\Engine\Layers\LayerStack.h(13,33): warning C4251:         with
E:\dev\FireboxEngine\FireboxEngine\Source\Engine\Layers\LayerStack.h(13,33): warning C4251:         [
E:\dev\FireboxEngine\FireboxEngine\Source\Engine\Layers\LayerStack.h(13,33): warning C4251:             _Ty=Firebox::Layer *
E:\dev\FireboxEngine\FireboxEngine\Source\Engine\Layers\LayerStack.h(13,33): warning C4251:         ]
  (compiling source file 'Source/Engine/Layers/ImGuiLayer.cpp')
      D:\VS 2022\VC\Tools\MSVC\14.44.35207\include\vector(255,7):
      see declaration of 'std::_Vector_iterator<std::_Vector_val<std::_Simple_types<_Ty>>>'
          with
          [
              _Ty=Firebox::Layer *
          ]
  
E:\dev\FireboxEngine\FireboxEngine\Source\Engine\Platform\Window.h(15,19): warning C4251: 'Firebox::Window::m_EventCallback': 'std::function<void (SDL_Event &)>' needs to have dll-interface to be used by clients of 'Firebox::Window'
  (compiling source file 'Source/Engine/Layers/ImGuiLayer.cpp')
      D:\VS 2022\VC\Tools\MSVC\14.44.35207\include\functional(1089,7):
      see declaration of 'std::function<void (SDL_Event &)>'
  
E:\dev\FireboxEngine\FireboxEngine\Source\Engine\Core\Application.h(17,27): warning C4251: 'Firebox::Application::m_Window': 'std::unique_ptr<Firebox::Window,std::default_delete<Firebox::Window>>' needs to have dll-interface to be used by clients of 'Firebox::Application'
  (compiling source file 'Source/Engine/Layers/ImGuiLayer.cpp')
      D:\VS 2022\VC\Tools\MSVC\14.44.35207\include\memory(3347,7):
      see declaration of 'std::unique_ptr<Firebox::Window,std::default_delete<Firebox::Window>>'
  
C:\Program Files (x86)\Windows Kits\10\Include\10.0.26100.0\shared\minwindef.h(130,9): warning C4005: 'APIENTRY': macro redefinition
  (compiling source file 'Source/Engine/Layers/ImGuiLayer.cpp')
      E:\dev\FireboxEngine\FireboxEngine\ThirdParty\Glad\include\glad\glad.h(32,9):
      see previous definition of 'APIENTRY'
  
E:\dev\FireboxEngine\FireboxEngine\Source\Engine\Core\Log.h(37,42): warning C4251: 'Firebox::Log::s_CoreLogger': 'std::shared_ptr<spdlog::logger>' needs to have dll-interface to be used by clients of 'Firebox::Log'
  (compiling source file 'Source/Engine/Layers/ImGuiLayer.cpp')
      D:\VS 2022\VC\Tools\MSVC\14.44.35207\include\memory(1565,7):
      see declaration of 'std::shared_ptr<spdlog::logger>'
  
E:\dev\FireboxEngine\FireboxEngine\Source\Engine\Core\Log.h(38,42): warning C4251: 'Firebox::Log::s_ClientLogger': 'std::shared_ptr<spdlog::logger>' needs to have dll-interface to be used by clients of 'Firebox::Log'
  (compiling source file 'Source/Engine/Layers/ImGuiLayer.cpp')
      D:\VS 2022\VC\Tools\MSVC\14.44.35207\include\memory(1565,7):
      see declaration of 'std::shared_ptr<spdlog::logger>'
  
  Layer.cpp
E:\dev\FireboxEngine\FireboxEngine\Source\Engine\Layers\Layer.h(12,15): warning C4251: 'Firebox::Layer::m_DebugName': 'std::basic_string<char,std::char_traits<char>,std::allocator<char>>' needs to have dll-interface to be used by clients of 'Firebox::Layer'
  (compiling source file 'Source/Engine/Layers/Layer.cpp')
      D:\VS 2022\VC\Tools\MSVC\14.44.35207\include\xstring(541,7):
      see declaration of 'std::basic_string<char,std::char_traits<char>,std::allocator<char>>'
  
  LayerStack.cpp
E:\dev\FireboxEngine\FireboxEngine\Source\Engine\Layers\Layer.h(12,15): warning C4251: 'Firebox::Layer::m_DebugName': 'std::basic_string<char,std::char_traits<char>,std::allocator<char>>' needs to have dll-interface to be used by clients of 'Firebox::Layer'
  (compiling source file 'Source/Engine/Layers/LayerStack.cpp')
      D:\VS 2022\VC\Tools\MSVC\14.44.35207\include\xstring(541,7):
      see declaration of 'std::basic_string<char,std::char_traits<char>,std::allocator<char>>'
  
E:\dev\FireboxEngine\FireboxEngine\Source\Engine\Layers\LayerStack.h(12,23): warning C4251: 'Firebox::LayerStack::m_Layers': 'std::vector<Firebox::Layer *,std::allocator<Firebox::Layer *>>' needs to have dll-interface to be used by clients of 'Firebox::LayerStack'
  (compiling source file 'Source/Engine/Layers/LayerStack.cpp')
      D:\VS 2022\VC\Tools\MSVC\14.44.35207\include\vector(442,7):
      see declaration of 'std::vector<Firebox::Layer *,std::allocator<Firebox::Layer *>>'
  
E:\dev\FireboxEngine\FireboxEngine\Source\Engine\Layers\LayerStack.h(13,33): warning C4251: 'Firebox::LayerStack::m_LayerInsert': 'std::_Vector_iterator<std::_Vector_val<std::_Simple_types<_Ty>>>' needs to have dll-interface to be used by clients of 'Firebox::LayerStack'
E:\dev\FireboxEngine\FireboxEngine\Source\Engine\Layers\LayerStack.h(13,33): warning C4251:         with
E:\dev\FireboxEngine\FireboxEngine\Source\Engine\Layers\LayerStack.h(13,33): warning C4251:         [
E:\dev\FireboxEngine\FireboxEngine\Source\Engine\Layers\LayerStack.h(13,33): warning C4251:             _Ty=Firebox::Layer *
E:\dev\FireboxEngine\FireboxEngine\Source\Engine\Layers\LayerStack.h(13,33): warning C4251:         ]
  (compiling source file 'Source/Engine/Layers/LayerStack.cpp')
      D:\VS 2022\VC\Tools\MSVC\14.44.35207\include\vector(255,7):
      see declaration of 'std::_Vector_iterator<std::_Vector_val<std::_Simple_types<_Ty>>>'
          with
          [
              _Ty=Firebox::Layer *
          ]
  
  Vector.cpp
  Window.cpp
E:\dev\FireboxEngine\FireboxEngine\Source\Engine\Platform\Window.h(15,19): warning C4251: 'Firebox::Window::m_EventCallback': 'std::function<void (SDL_Event &)>' needs to have dll-interface to be used by clients of 'Firebox::Window'
  (compiling source file 'Source/Engine/Platform/Window.cpp')
      D:\VS 2022\VC\Tools\MSVC\14.44.35207\include\functional(1089,7):
      see declaration of 'std::function<void (SDL_Event &)>'
  
C:\Program Files (x86)\Windows Kits\10\Include\10.0.26100.0\shared\minwindef.h(130,9): warning C4005: 'APIENTRY': macro redefinition
  (compiling source file 'Source/Engine/Platform/Window.cpp')
      E:\dev\FireboxEngine\FireboxEngine\ThirdParty\Glad\include\glad\glad.h(32,9):
      see previous definition of 'APIENTRY'
  
E:\dev\FireboxEngine\FireboxEngine\Source\Engine\Core\Log.h(37,42): warning C4251: 'Firebox::Log::s_CoreLogger': 'std::shared_ptr<spdlog::logger>' needs to have dll-interface to be used by clients of 'Firebox::Log'
  (compiling source file 'Source/Engine/Platform/Window.cpp')
      D:\VS 2022\VC\Tools\MSVC\14.44.35207\include\memory(1565,7):
      see declaration of 'std::shared_ptr<spdlog::logger>'
  
E:\dev\FireboxEngine\FireboxEngine\Source\Engine\Core\Log.h(38,42): warning C4251: 'Firebox::Log::s_ClientLogger': 'std::shared_ptr<spdlog::logger>' needs to have dll-interface to be used by clients of 'Firebox::Log'
  (compiling source file 'Source/Engine/Platform/Window.cpp')
      D:\VS 2022\VC\Tools\MSVC\14.44.35207\include\memory(1565,7):
      see declaration of 'std::shared_ptr<spdlog::logger>'
  
  Generating Code...
     Creating library ..\Binaries\Debug-windows-x86_64\FireboxEngine\FireboxEngine.lib and object ..\Binaries\Debug-windows-x86_64\FireboxEngine\FireboxEngine.exp
LINK : warning LNK4098: defaultlib 'LIBCMT' conflicts with use of other libs; use /NODEFAULTLIB:library
LINK : warning LNK4098: defaultlib 'MSVCRT' conflicts with use of other libs; use /NODEFAULTLIB:library
  FireboxEngine.vcxproj -> E:\dev\FireboxEngine\Binaries\Debug-windows-x86_64\FireboxEngine\FireboxEngine.dll
          1 file(s) copied.
          1 file(s) copied.
